<?xml version="1.0" encoding="UTF-8"?>
<testng-results skipped="0" failed="1" total="1" passed="0">
  <reporter-output>
  </reporter-output>
  <suite name="Default suite" duration-ms="38075" started-at="2018-09-08T18:38:23Z" finished-at="2018-09-08T18:39:01Z">
    <groups>
    </groups>
    <test name="Default test" duration-ms="38075" started-at="2018-09-08T18:38:23Z" finished-at="2018-09-08T18:39:01Z">
      <class name="com.pluralsight.CapturingScreenshot">
        <test-method status="PASS" signature="config()[pri:0, instance:com.pluralsight.CapturingScreenshot@598067a5]" name="config" is-config="true" duration-ms="278" started-at="2018-09-09T00:08:23Z" finished-at="2018-09-09T00:08:23Z">
          <reporter-output>
          </reporter-output>
        </test-method> <!-- config -->
        <test-method status="FAIL" signature="captureScreenshot()[pri:0, instance:com.pluralsight.CapturingScreenshot@598067a5]" name="captureScreenshot" duration-ms="27792" started-at="2018-09-09T00:08:23Z" finished-at="2018-09-09T00:08:51Z">
          <exception class="java.lang.AssertionError">
            <message>
              <![CDATA[expected [Home-Selenium Webdriver Appium Complete Tutorial] but found [Home - Automation Test]]]>
            </message>
            <full-stacktrace>
              <![CDATA[java.lang.AssertionError: expected [Home-Selenium Webdriver Appium Complete Tutorial] but found [Home - Automation Test]
	at org.testng.Assert.fail(Assert.java:94)
	at org.testng.Assert.failNotEquals(Assert.java:496)
	at org.testng.Assert.assertEquals(Assert.java:125)
	at org.testng.Assert.assertEquals(Assert.java:178)
	at org.testng.Assert.assertEquals(Assert.java:188)
	at com.pluralsight.CapturingScreenshot.captureScreenshot(CapturingScreenshot.java:46)
	at sun.reflect.NativeMethodAccessorImpl.invoke0(Native Method)
	at sun.reflect.NativeMethodAccessorImpl.invoke(Unknown Source)
	at sun.reflect.DelegatingMethodAccessorImpl.invoke(Unknown Source)
	at java.lang.reflect.Method.invoke(Unknown Source)
	at org.testng.internal.MethodInvocationHelper.invokeMethod(MethodInvocationHelper.java:85)
	at org.testng.internal.Invoker.invokeMethod(Invoker.java:639)
	at org.testng.internal.Invoker.invokeTestMethod(Invoker.java:816)
	at org.testng.internal.Invoker.invokeTestMethods(Invoker.java:1124)
	at org.testng.internal.TestMethodWorker.invokeTestMethods(TestMethodWorker.java:125)
	at org.testng.internal.TestMethodWorker.run(TestMethodWorker.java:108)
	at org.testng.TestRunner.privateRun(TestRunner.java:774)
	at org.testng.TestRunner.run(TestRunner.java:624)
	at org.testng.SuiteRunner.runTest(SuiteRunner.java:359)
	at org.testng.SuiteRunner.runSequentially(SuiteRunner.java:354)
	at org.testng.SuiteRunner.privateRun(SuiteRunner.java:312)
	at org.testng.SuiteRunner.run(SuiteRunner.java:261)
	at org.testng.SuiteRunnerWorker.runSuite(SuiteRunnerWorker.java:52)
	at org.testng.SuiteRunnerWorker.run(SuiteRunnerWorker.java:86)
	at org.testng.TestNG.runSuitesSequentially(TestNG.java:1191)
	at org.testng.TestNG.runSuitesLocally(TestNG.java:1116)
	at org.testng.TestNG.run(TestNG.java:1024)
	at org.testng.remote.AbstractRemoteTestNG.run(AbstractRemoteTestNG.java:114)
	at org.testng.remote.RemoteTestNG.initAndRun(RemoteTestNG.java:251)
	at org.testng.remote.RemoteTestNG.main(RemoteTestNG.java:77)
]]>
            </full-stacktrace>
          </exception> <!-- java.lang.AssertionError -->
          <reporter-output>
          </reporter-output>
        </test-method> <!-- captureScreenshot -->
        <test-method status="PASS" signature="getResult(org.testng.ITestResult)[pri:0, instance:com.pluralsight.CapturingScreenshot@598067a5]" name="getResult" is-config="true" duration-ms="3396" started-at="2018-09-09T00:08:51Z" finished-at="2018-09-09T00:08:55Z">
          <params>
            <param index="0">
              <value>
                <![CDATA[[TestResult name=captureScreenshot status=FAILURE method=CapturingScreenshot.captureScreenshot()[pri:0, instance:com.pluralsight.CapturingScreenshot@598067a5] output={null}]]]>
              </value>
            </param>
          </params>
          <reporter-output>
          </reporter-output>
        </test-method> <!-- getResult -->
        <test-method status="PASS" signature="endReport()[pri:0, instance:com.pluralsight.CapturingScreenshot@598067a5]" name="endReport" is-config="true" duration-ms="6583" started-at="2018-09-09T00:08:55Z" finished-at="2018-09-09T00:09:01Z">
          <reporter-output>
          </reporter-output>
        </test-method> <!-- endReport -->
      </class> <!-- com.pluralsight.CapturingScreenshot -->
    </test> <!-- Default test -->
  </suite> <!-- Default suite -->
</testng-results>
